<?xml version="1.0" encoding="UTF-8"?>
<!-- Generated by org.testng.reporters.JUnitXMLReporter -->
<testsuite ignored="3" hostname="abdulraheemPC" failures="0" tests="1" name="Default test" time="7.343" errors="0" timestamp="2025-07-12T11:56:03 EET">
  <testcase classname="login.MyTestcases" name="addItemToThecart" time="4.757"/>
  <testcase classname="login.MyTestcases" name="Login" time="0.0">
    <ignored/>
  </testcase> <!-- Login -->
  <testcase classname="login.MyTestcases" name="Logout" time="0.0">
    <ignored/>
  </testcase> <!-- Logout -->
  <testcase classname="login.MyTestcases" name="SignUp" time="0.0">
    <ignored/>
  </testcase> <!-- SignUp -->
</testsuite> <!-- Default test -->
