<?xml version="1.0" encoding="UTF-8"?>
<testng-results ignored="0" total="4" passed="4" failed="0" skipped="0">
  <reporter-output>
  </reporter-output>
  <suite started-at="2025-07-13T17:41:31 EET" name="Default suite" finished-at="2025-07-13T17:41:54 EET" duration-ms="23386">
    <groups>
    </groups>
    <test started-at="2025-07-13T17:41:31 EET" name="Default test" finished-at="2025-07-13T17:41:54 EET" duration-ms="23386">
      <class name="login.MyTestcases">
        <test-method is-config="true" signature="mySetup()[pri:0, instance:login.MyTestcases@158a3b2e]" started-at="2025-07-13T17:41:31 EET" name="mySetup" finished-at="2025-07-13T17:41:33 EET" duration-ms="1983" status="PASS">
          <reporter-output>
          </reporter-output>
        </test-method> <!-- mySetup -->
        <test-method signature="SignUp()[pri:1, instance:login.MyTestcases@158a3b2e]" started-at="2025-07-13T17:41:33 EET" name="SignUp" finished-at="2025-07-13T17:41:41 EET" duration-ms="8379" status="PASS">
          <reporter-output>
          </reporter-output>
        </test-method> <!-- SignUp -->
        <test-method signature="Logout()[pri:2, instance:login.MyTestcases@158a3b2e]" started-at="2025-07-13T17:41:41 EET" name="Logout" finished-at="2025-07-13T17:41:44 EET" duration-ms="3088" status="PASS">
          <reporter-output>
          </reporter-output>
        </test-method> <!-- Logout -->
        <test-method signature="Login()[pri:3, instance:login.MyTestcases@158a3b2e]" started-at="2025-07-13T17:41:44 EET" name="Login" finished-at="2025-07-13T17:41:46 EET" duration-ms="2180" status="PASS">
          <reporter-output>
          </reporter-output>
        </test-method> <!-- Login -->
        <test-method signature="addItemToThecart()[pri:4, instance:login.MyTestcases@158a3b2e]" started-at="2025-07-13T17:41:46 EET" name="addItemToThecart" finished-at="2025-07-13T17:41:54 EET" duration-ms="7662" status="PASS">
          <reporter-output>
          </reporter-output>
        </test-method> <!-- addItemToThecart -->
      </class> <!-- login.MyTestcases -->
    </test> <!-- Default test -->
  </suite> <!-- Default suite -->
</testng-results>
