<?xml version="1.0" encoding="UTF-8"?>
<testng-results ignored="3" total="4" passed="1" failed="0" skipped="0">
  <reporter-output>
  </reporter-output>
  <suite started-at="2025-07-12T11:55:55 EET" name="Default suite" finished-at="2025-07-12T11:56:03 EET" duration-ms="7343">
    <groups>
    </groups>
    <test started-at="2025-07-12T11:55:55 EET" name="Default test" finished-at="2025-07-12T11:56:03 EET" duration-ms="7343">
      <class name="login.MyTestcases">
        <test-method is-config="true" signature="mySetup()[pri:0, instance:login.MyTestcases@158a3b2e]" started-at="2025-07-12T11:55:55 EET" name="mySetup" finished-at="2025-07-12T11:55:58 EET" duration-ms="2561" status="PASS">
          <reporter-output>
          </reporter-output>
        </test-method> <!-- mySetup -->
        <test-method signature="addItemToThecart()[pri:4, instance:login.MyTestcases@158a3b2e]" started-at="2025-07-12T11:55:58 EET" name="addItemToThecart" finished-at="2025-07-12T11:56:03 EET" duration-ms="4757" status="PASS">
          <reporter-output>
          </reporter-output>
        </test-method> <!-- addItemToThecart -->
      </class> <!-- login.MyTestcases -->
    </test> <!-- Default test -->
  </suite> <!-- Default suite -->
</testng-results>
